<?xml version="1.0" encoding="UTF-8"?>
<testsuite name="rspec" tests="42" skipped="0" failures="0" errors="0" time="1.998815" timestamp="2021-04-02T17:48:52-03:00" hostname="DESKTOP-13QDQQR">
<properties>
<property name="seed" value="35516"/>
</properties>
<testcase classname="spec.scenarios.bookings_post_spec" name="POST /equipos/{equipo_id}/bookings Solicitar locacao Deve retornar code 200" file="./spec/scenarios/bookings_post_spec.rb" time="0.002622"></testcase>
<testcase classname="spec.scenarios.equipo_delete_spec" name="DELETE/equipos/{equipo_id} Remover unico Equipo Deve retornar 204" file="./spec/scenarios/equipo_delete_spec.rb" time="0.000257"></testcase>
<testcase classname="spec.scenarios.equipo_delete_spec" name="DELETE/equipos/{equipo_id} Equipo nao existe Deve retornar 404" file="./spec/scenarios/equipo_delete_spec.rb" time="0.000194"></testcase>
<testcase classname="spec.scenarios.equipo_get_spec" name="GET/equipos/{equipo_id} Obter unico Equipo Deve retornar 200" file="./spec/scenarios/equipo_get_spec.rb" time="0.000183"></testcase>
<testcase classname="spec.scenarios.equipo_get_spec" name="GET/equipos/{equipo_id} Obter unico Equipo Deve retornar o nome" file="./spec/scenarios/equipo_get_spec.rb" time="0.026721"></testcase>
<testcase classname="spec.scenarios.equipo_get_spec" name="GET/equipos/{equipo_id} Equipo nao existe Deve retornar 404" file="./spec/scenarios/equipo_get_spec.rb" time="0.000319"></testcase>
<testcase classname="spec.scenarios.equipo_get_spec" name="GET /equipos Obter uma lista Deve retornar 200" file="./spec/scenarios/equipo_get_spec.rb" time="0.000280"></testcase>
<testcase classname="spec.scenarios.equipo_get_spec" name="GET /equipos Obter uma lista E deve retornar uma lista de equipos" file="./spec/scenarios/equipo_get_spec.rb" time="0.021945"></testcase>
<testcase classname="spec.scenarios.equipo_post_spec" name="POST/equipos Novo Equipo valida status code 200" file="./spec/scenarios/equipo_post_spec.rb" time="0.000199"></testcase>
<testcase classname="spec.scenarios.equipo_post_spec" name="POST/equipos Nao Autorizado valida status code 401" file="./spec/scenarios/equipo_post_spec.rb" time="0.000227"></testcase>
<testcase classname="spec.scenarios.session_post_spec" name="POST/sessions login com sucesso valida status code 200" file="./spec/scenarios/session_post_spec.rb" time="0.000255"></testcase>
<testcase classname="spec.scenarios.session_post_spec" name="POST/sessions login com sucesso valida id do usuário" file="./spec/scenarios/session_post_spec.rb" time="0.000173"></testcase>
<testcase classname="spec.scenarios.session_post_spec" name="POST/sessions Senha incorreta valida status code 401" file="./spec/scenarios/session_post_spec.rb" time="0.000231"></testcase>
<testcase classname="spec.scenarios.session_post_spec" name="POST/sessions Senha incorreta valida id do usuário Unauthorized" file="./spec/scenarios/session_post_spec.rb" time="0.000162"></testcase>
<testcase classname="spec.scenarios.session_post_spec" name="POST/sessions Usuario nao existe valida status code 401" file="./spec/scenarios/session_post_spec.rb" time="0.000612"></testcase>
<testcase classname="spec.scenarios.session_post_spec" name="POST/sessions Usuario nao existe valida id do usuário Unauthorized" file="./spec/scenarios/session_post_spec.rb" time="0.000215"></testcase>
<testcase classname="spec.scenarios.session_post_spec" name="POST/sessions Email em Branco valida status code 412" file="./spec/scenarios/session_post_spec.rb" time="0.000270"></testcase>
<testcase classname="spec.scenarios.session_post_spec" name="POST/sessions Email em Branco valida id do usuário required email" file="./spec/scenarios/session_post_spec.rb" time="0.000207"></testcase>
<testcase classname="spec.scenarios.session_post_spec" name="POST/sessions Sem o campo email valida status code 412" file="./spec/scenarios/session_post_spec.rb" time="0.000213"></testcase>
<testcase classname="spec.scenarios.session_post_spec" name="POST/sessions Sem o campo email valida id do usuário required email" file="./spec/scenarios/session_post_spec.rb" time="0.000253"></testcase>
<testcase classname="spec.scenarios.session_post_spec" name="POST/sessions Senha em branco valida status code 412" file="./spec/scenarios/session_post_spec.rb" time="0.000200"></testcase>
<testcase classname="spec.scenarios.session_post_spec" name="POST/sessions Senha em branco valida id do usuário required password" file="./spec/scenarios/session_post_spec.rb" time="0.000282"></testcase>
<testcase classname="spec.scenarios.session_post_spec" name="POST/sessions Sem o campo senha valida status code 412" file="./spec/scenarios/session_post_spec.rb" time="0.000504"></testcase>
<testcase classname="spec.scenarios.session_post_spec" name="POST/sessions Sem o campo senha valida id do usuário required password" file="./spec/scenarios/session_post_spec.rb" time="0.000355"></testcase>
<testcase classname="spec.scenarios.signup_post_spec" name="POST/signup Novo Usuario valida status code 200" file="./spec/scenarios/signup_post_spec.rb" time="0.000282"></testcase>
<testcase classname="spec.scenarios.signup_post_spec" name="POST/signup Novo Usuario valida id do usuário" file="./spec/scenarios/signup_post_spec.rb" time="0.001001"></testcase>
<testcase classname="spec.scenarios.signup_post_spec" name="POST/signup Usuario ja Existe deve retornar 409" file="./spec/scenarios/signup_post_spec.rb" time="0.000732"></testcase>
<testcase classname="spec.scenarios.signup_post_spec" name="POST/signup Usuario ja Existe valida mensagem de erro: Email already exists :(" file="./spec/scenarios/signup_post_spec.rb" time="0.000183"></testcase>
<testcase classname="spec.scenarios.signup_post_spec" name="POST/signup Campo Nome em Branco valida status code 412" file="./spec/scenarios/signup_post_spec.rb" time="0.000361"></testcase>
<testcase classname="spec.scenarios.signup_post_spec" name="POST/signup Campo Nome em Branco valida id do usuário required name" file="./spec/scenarios/signup_post_spec.rb" time="0.000627"></testcase>
<testcase classname="spec.scenarios.signup_post_spec" name="POST/signup Sem Enviar o campo nome valida status code 412" file="./spec/scenarios/signup_post_spec.rb" time="0.000269"></testcase>
<testcase classname="spec.scenarios.signup_post_spec" name="POST/signup Sem Enviar o campo nome valida id do usuário required name" file="./spec/scenarios/signup_post_spec.rb" time="0.000350"></testcase>
<testcase classname="spec.scenarios.signup_post_spec" name="POST/signup Email em Branco valida status code 412" file="./spec/scenarios/signup_post_spec.rb" time="0.000209"></testcase>
<testcase classname="spec.scenarios.signup_post_spec" name="POST/signup Email em Branco valida id do usuário required email" file="./spec/scenarios/signup_post_spec.rb" time="0.000247"></testcase>
<testcase classname="spec.scenarios.signup_post_spec" name="POST/signup Email invalido valida status code 412" file="./spec/scenarios/signup_post_spec.rb" time="0.000185"></testcase>
<testcase classname="spec.scenarios.signup_post_spec" name="POST/signup Email invalido valida id do usuário wrong email" file="./spec/scenarios/signup_post_spec.rb" time="0.001149"></testcase>
<testcase classname="spec.scenarios.signup_post_spec" name="POST/signup Sem o campo email valida status code 412" file="./spec/scenarios/signup_post_spec.rb" time="0.000193"></testcase>
<testcase classname="spec.scenarios.signup_post_spec" name="POST/signup Sem o campo email valida id do usuário required email" file="./spec/scenarios/signup_post_spec.rb" time="0.000374"></testcase>
<testcase classname="spec.scenarios.signup_post_spec" name="POST/signup Senha em branco valida status code 412" file="./spec/scenarios/signup_post_spec.rb" time="0.000187"></testcase>
<testcase classname="spec.scenarios.signup_post_spec" name="POST/signup Senha em branco valida id do usuário required password" file="./spec/scenarios/signup_post_spec.rb" time="0.000310"></testcase>
<testcase classname="spec.scenarios.signup_post_spec" name="POST/signup Sem o campo senha valida status code 412" file="./spec/scenarios/signup_post_spec.rb" time="0.000135"></testcase>
<testcase classname="spec.scenarios.signup_post_spec" name="POST/signup Sem o campo senha valida id do usuário required password" file="./spec/scenarios/signup_post_spec.rb" time="0.000187"></testcase>
</testsuite>
